Loaded module: python3/3.6.2
INFO:Segmentron:Using 2 GPUs
INFO:Segmentron:Namespace(config_file='configs/cityscapes_danet_resnet.yaml', device='cuda', distributed=True, input_img='tools/demo_vis.png', local_rank=0, log_iter=10, no_cuda=False, num_gpus=2, opts=[], resume=None, skip_val=False, val_epoch=1)
INFO:Segmentron:{
        "SEED": 1024,
        "TIME_STAMP": "2022-02-18-16-46",
        "ROOT_PATH": "/zhome/f9/4/160189/SegmenTron",
        "PHASE": "train",
        "DATASET": {
                "NAME": "cityscape",
                "MEAN": [
                        0.485,
                        0.456,
                        0.406
                ],
                "STD": [
                        0.229,
                        0.224,
                        0.225
                ],
                "IGNORE_INDEX": -1,
                "WORKERS": 4,
                "MODE": "testval"
        },
        "AUG": {
                "MIRROR": true,
                "BLUR_PROB": 0.0,
                "BLUR_RADIUS": 0.0,
                "COLOR_JITTER": null
        },
        "TRAIN": {
                "EPOCHS": 240,
                "BATCH_SIZE": 6,
                "CROP_SIZE": 768,
                "BASE_SIZE": 1024,
                "MODEL_SAVE_DIR": "/work3/s210203/runs/checkpoints/",
                "LOG_SAVE_DIR": "/work3/s210203/runs/logs/",
                "PRETRAINED_MODEL_PATH": "",
                "BACKBONE_PRETRAINED": true,
                "BACKBONE_PRETRAINED_PATH": "",
                "RESUME_MODEL_PATH": "",
                "SYNC_BATCH_NORM": true,
                "SNAPSHOT_EPOCH": 10
        },
        "SOLVER": {
                "LR": 0.003,
                "OPTIMIZER": "sgd",
                "EPSILON": 1e-08,
                "MOMENTUM": 0.9,
                "WEIGHT_DECAY": 0.0001,
                "DECODER_LR_FACTOR": 10.0,
                "LR_SCHEDULER": "poly",
                "POLY": {
                        "POWER": 0.9
                },
                "STEP": {
                        "GAMMA": 0.1,
                        "DECAY_EPOCH": [
                                10,
                                20
                        ]
                },
                "WARMUP": {
                        "EPOCHS": 0.0,
                        "FACTOR": 0.3333333333333333,
                        "METHOD": "linear"
                },
                "OHEM": false,
                "AUX": false,
                "AUX_WEIGHT": 0.4,
                "LOSS_NAME": ""
        },
        "TEST": {
                "TEST_MODEL_PATH": "",
                "BATCH_SIZE": 1,
                "CROP_SIZE": null,
                "SCALES": [
                        1.0
                ],
                "FLIP": false
        },
        "VISUAL": {
                "OUTPUT_DIR": "/work3/s210203/runs/visual/"
        },
        "MODEL": {
                "MODEL_NAME": "DANet",
                "BACKBONE": "resnet50",
                "BACKBONE_SCALE": 1.0,
                "MULTI_LOSS_WEIGHT": [
                        1.0
                ],
                "DEFAULT_GROUP_NUMBER": 32,
                "DEFAULT_EPSILON": 1e-05,
                "BN_TYPE": "BN",
                "BN_EPS_FOR_ENCODER": null,
                "BN_EPS_FOR_DECODER": null,
                "OUTPUT_STRIDE": 8,
                "BN_MOMENTUM": null,
                "DANET": {
                        "MULTI_DILATION": [
                                4,
                                8,
                                16
                        ],
                        "MULTI_GRID": true
                },
                "CCNET": {
                        "RECURRENCE": 2
                }
        }
}
INFO:Segmentron:Found 2975 images in the folder /zhome/f9/4/160189/SegmenTron/datasets/cityscapes/leftImg8bit/train
INFO:Segmentron:Found 500 images in the folder /zhome/f9/4/160189/SegmenTron/datasets/cityscapes/leftImg8bit/val
INFO:Segmentron:load backbone pretrained model from url..
INFO:Segmentron:<All keys matched successfully>
INFO:Segmentron:DANet flops: 1584.404G input shape is [3, 1024, 2048], params: 47.463M
INFO:Segmentron:SyncBatchNorm is effective!
INFO:Segmentron:Start training, Total Epochs: 240 = Total Iterations 59280
INFO:Segmentron:Epoch: 1/240 || Iters: 10/247 || Lr: 0.003000 || Loss: 2.8034 || Cost Time: 0:00:20 || Estimated Time: 1 day, 9:33:16
INFO:Segmentron:Epoch: 1/240 || Iters: 20/247 || Lr: 0.002999 || Loss: 2.9635 || Cost Time: 0:00:30 || Estimated Time: 1 day, 0:43:00
INFO:Segmentron:Epoch: 1/240 || Iters: 30/247 || Lr: 0.002999 || Loss: 4.1282 || Cost Time: 0:00:39 || Estimated Time: 21:46:28
INFO:Segmentron:Epoch: 1/240 || Iters: 40/247 || Lr: 0.002998 || Loss: 2.6307 || Cost Time: 0:00:49 || Estimated Time: 20:18:27
INFO:Segmentron:Epoch: 1/240 || Iters: 50/247 || Lr: 0.002998 || Loss: 1.5121 || Cost Time: 0:00:59 || Estimated Time: 19:26:21
INFO:Segmentron:Epoch: 1/240 || Iters: 60/247 || Lr: 0.002997 || Loss: 2.7604 || Cost Time: 0:01:08 || Estimated Time: 18:51:30
INFO:Segmentron:Epoch: 1/240 || Iters: 70/247 || Lr: 0.002997 || Loss: 1.6426 || Cost Time: 0:01:18 || Estimated Time: 18:26:35
INFO:Segmentron:Epoch: 1/240 || Iters: 80/247 || Lr: 0.002996 || Loss: 1.3867 || Cost Time: 0:01:28 || Estimated Time: 18:08:07
INFO:Segmentron:Epoch: 1/240 || Iters: 90/247 || Lr: 0.002996 || Loss: 1.3991 || Cost Time: 0:01:37 || Estimated Time: 17:53:50
INFO:Segmentron:Epoch: 1/240 || Iters: 100/247 || Lr: 0.002995 || Loss: 1.7668 || Cost Time: 0:01:47 || Estimated Time: 17:42:05
INFO:Segmentron:Epoch: 1/240 || Iters: 110/247 || Lr: 0.002995 || Loss: 2.1874 || Cost Time: 0:01:57 || Estimated Time: 17:32:47
INFO:Segmentron:Epoch: 1/240 || Iters: 120/247 || Lr: 0.002995 || Loss: 2.0359 || Cost Time: 0:02:07 || Estimated Time: 17:24:57
INFO:Segmentron:Epoch: 1/240 || Iters: 130/247 || Lr: 0.002994 || Loss: 1.1570 || Cost Time: 0:02:16 || Estimated Time: 17:18:12
INFO:Segmentron:Epoch: 1/240 || Iters: 140/247 || Lr: 0.002994 || Loss: 1.5137 || Cost Time: 0:02:26 || Estimated Time: 17:12:50
INFO:Segmentron:Epoch: 1/240 || Iters: 150/247 || Lr: 0.002993 || Loss: 1.6538 || Cost Time: 0:02:36 || Estimated Time: 17:07:41
INFO:Segmentron:Epoch: 1/240 || Iters: 160/247 || Lr: 0.002993 || Loss: 2.4742 || Cost Time: 0:02:46 || Estimated Time: 17:03:14
INFO:Segmentron:Epoch: 1/240 || Iters: 170/247 || Lr: 0.002992 || Loss: 1.5468 || Cost Time: 0:02:55 || Estimated Time: 16:59:20
INFO:Segmentron:Epoch: 1/240 || Iters: 180/247 || Lr: 0.002992 || Loss: 1.0471 || Cost Time: 0:03:05 || Estimated Time: 16:55:55
INFO:Segmentron:Epoch: 1/240 || Iters: 190/247 || Lr: 0.002991 || Loss: 1.2429 || Cost Time: 0:03:15 || Estimated Time: 16:52:55
INFO:Segmentron:Epoch: 1/240 || Iters: 200/247 || Lr: 0.002991 || Loss: 1.0077 || Cost Time: 0:03:25 || Estimated Time: 16:50:20
INFO:Segmentron:Epoch: 1/240 || Iters: 210/247 || Lr: 0.002990 || Loss: 1.2505 || Cost Time: 0:03:34 || Estimated Time: 16:47:54
INFO:Segmentron:Epoch: 1/240 || Iters: 220/247 || Lr: 0.002990 || Loss: 1.1279 || Cost Time: 0:03:44 || Estimated Time: 16:45:43
INFO:Segmentron:Epoch: 1/240 || Iters: 230/247 || Lr: 0.002990 || Loss: 1.2846 || Cost Time: 0:03:54 || Estimated Time: 16:43:38
INFO:Segmentron:Epoch: 1/240 || Iters: 240/247 || Lr: 0.002989 || Loss: 1.3053 || Cost Time: 0:04:04 || Estimated Time: 16:41:44
INFO:Segmentron:Epoch 1 model saved in: /work3/s210203/runs/checkpoints/DANet_resnet50_cityscape_2022-02-18-16-46/1.pth
INFO:Segmentron:[EVAL] Sample: 1, pixAcc: 84.524, mIoU: 28.063
INFO:Segmentron:[EVAL] Sample: 2, pixAcc: 85.770, mIoU: 31.399
INFO:Segmentron:[EVAL] Sample: 3, pixAcc: 87.290, mIoU: 32.117
INFO:Segmentron:[EVAL] Sample: 4, pixAcc: 87.100, mIoU: 33.301
INFO:Segmentron:[EVAL] Sample: 5, pixAcc: 86.184, mIoU: 34.029
INFO:Segmentron:[EVAL] Sample: 6, pixAcc: 86.798, mIoU: 33.670
INFO:Segmentron:[EVAL] Sample: 7, pixAcc: 86.734, mIoU: 34.635
INFO:Segmentron:[EVAL] Sample: 8, pixAcc: 86.848, mIoU: 34.963
INFO:Segmentron:[EVAL] Sample: 9, pixAcc: 87.473, mIoU: 35.141
INFO:Segmentron:[EVAL] Sample: 10, pixAcc: 87.851, mIoU: 35.312
INFO:Segmentron:[EVAL] Sample: 11, pixAcc: 87.976, mIoU: 35.607
INFO:Segmentron:[EVAL] Sample: 12, pixAcc: 87.418, mIoU: 35.443
INFO:Segmentron:[EVAL] Sample: 13, pixAcc: 87.193, mIoU: 35.497
INFO:Segmentron:[EVAL] Sample: 14, pixAcc: 87.283, mIoU: 35.833
INFO:Segmentron:[EVAL] Sample: 15, pixAcc: 87.390, mIoU: 36.062
INFO:Segmentron:[EVAL] Sample: 16, pixAcc: 86.969, mIoU: 35.995
INFO:Segmentron:[EVAL] Sample: 17, pixAcc: 86.991, mIoU: 36.007
INFO:Segmentron:[EVAL] Sample: 18, pixAcc: 87.369, mIoU: 36.519
INFO:Segmentron:[EVAL] Sample: 19, pixAcc: 87.341, mIoU: 36.399
INFO:Segmentron:[EVAL] Sample: 20, pixAcc: 87.338, mIoU: 36.328
INFO:Segmentron:[EVAL] Sample: 21, pixAcc: 87.243, mIoU: 36.251
INFO:Segmentron:[EVAL] Sample: 22, pixAcc: 87.357, mIoU: 36.075
INFO:Segmentron:[EVAL] Sample: 23, pixAcc: 87.580, mIoU: 36.038
INFO:Segmentron:[EVAL] Sample: 24, pixAcc: 87.406, mIoU: 36.242
INFO:Segmentron:[EVAL] Sample: 25, pixAcc: 87.483, mIoU: 35.811
INFO:Segmentron:[EVAL] Sample: 26, pixAcc: 87.233, mIoU: 35.729
INFO:Segmentron:[EVAL] Sample: 27, pixAcc: 87.328, mIoU: 36.559
INFO:Segmentron:[EVAL] Sample: 28, pixAcc: 87.565, mIoU: 36.535
INFO:Segmentron:[EVAL] Sample: 29, pixAcc: 87.519, mIoU: 36.481
INFO:Segmentron:[EVAL] Sample: 30, pixAcc: 87.465, mIoU: 36.312
INFO:Segmentron:[EVAL] Sample: 31, pixAcc: 87.497, mIoU: 36.283
INFO:Segmentron:[EVAL] Sample: 32, pixAcc: 87.605, mIoU: 36.396
INFO:Segmentron:[EVAL] Sample: 33, pixAcc: 87.587, mIoU: 36.390
INFO:Segmentron:[EVAL] Sample: 34, pixAcc: 87.497, mIoU: 36.416
INFO:Segmentron:[EVAL] Sample: 35, pixAcc: 87.524, mIoU: 36.400
INFO:Segmentron:[EVAL] Sample: 36, pixAcc: 87.506, mIoU: 36.372
INFO:Segmentron:[EVAL] Sample: 37, pixAcc: 87.600, mIoU: 36.293
INFO:Segmentron:[EVAL] Sample: 38, pixAcc: 87.631, mIoU: 36.359
INFO:Segmentron:[EVAL] Sample: 39, pixAcc: 87.647, mIoU: 36.335
INFO:Segmentron:[EVAL] Sample: 40, pixAcc: 87.796, mIoU: 36.391
INFO:Segmentron:[EVAL] Sample: 41, pixAcc: 87.854, mIoU: 36.753
INFO:Segmentron:[EVAL] Sample: 42, pixAcc: 87.737, mIoU: 36.647
INFO:Segmentron:[EVAL] Sample: 43, pixAcc: 87.797, mIoU: 36.821
INFO:Segmentron:[EVAL] Sample: 44, pixAcc: 87.800, mIoU: 36.796
INFO:Segmentron:[EVAL] Sample: 45, pixAcc: 87.866, mIoU: 36.798
INFO:Segmentron:[EVAL] Sample: 46, pixAcc: 87.891, mIoU: 36.695
INFO:Segmentron:[EVAL] Sample: 47, pixAcc: 87.949, mIoU: 36.829
INFO:Segmentron:[EVAL] Sample: 48, pixAcc: 88.000, mIoU: 36.822
INFO:Segmentron:[EVAL] Sample: 49, pixAcc: 87.879, mIoU: 36.678
INFO:Segmentron:[EVAL] Sample: 50, pixAcc: 87.912, mIoU: 36.883
INFO:Segmentron:[EVAL] Sample: 51, pixAcc: 87.661, mIoU: 36.667
INFO:Segmentron:[EVAL] Sample: 52, pixAcc: 87.618, mIoU: 36.569
INFO:Segmentron:[EVAL] Sample: 53, pixAcc: 87.694, mIoU: 36.532
INFO:Segmentron:[EVAL] Sample: 54, pixAcc: 87.455, mIoU: 36.467
INFO:Segmentron:[EVAL] Sample: 55, pixAcc: 87.560, mIoU: 36.474
INFO:Segmentron:[EVAL] Sample: 56, pixAcc: 87.592, mIoU: 36.444
INFO:Segmentron:[EVAL] Sample: 57, pixAcc: 87.518, mIoU: 36.367
INFO:Segmentron:[EVAL] Sample: 58, pixAcc: 87.463, mIoU: 36.358
INFO:Segmentron:[EVAL] Sample: 59, pixAcc: 87.410, mIoU: 36.420
INFO:Segmentron:[EVAL] Sample: 60, pixAcc: 87.410, mIoU: 36.491
INFO:Segmentron:[EVAL] Sample: 61, pixAcc: 87.449, mIoU: 36.543
INFO:Segmentron:[EVAL] Sample: 62, pixAcc: 87.468, mIoU: 36.723
INFO:Segmentron:[EVAL] Sample: 63, pixAcc: 87.457, mIoU: 36.703
INFO:Segmentron:[EVAL] Sample: 64, pixAcc: 87.462, mIoU: 36.794
INFO:Segmentron:[EVAL] Sample: 65, pixAcc: 87.257, mIoU: 36.728
INFO:Segmentron:[EVAL] Sample: 66, pixAcc: 87.179, mIoU: 36.752
INFO:Segmentron:[EVAL] Sample: 67, pixAcc: 87.271, mIoU: 36.730
INFO:Segmentron:[EVAL] Sample: 68, pixAcc: 87.275, mIoU: 36.849
INFO:Segmentron:[EVAL] Sample: 69, pixAcc: 87.313, mIoU: 36.834
INFO:Segmentron:[EVAL] Sample: 70, pixAcc: 87.251, mIoU: 36.789
INFO:Segmentron:[EVAL] Sample: 71, pixAcc: 87.335, mIoU: 36.766
INFO:Segmentron:[EVAL] Sample: 72, pixAcc: 87.373, mIoU: 36.712
INFO:Segmentron:[EVAL] Sample: 73, pixAcc: 87.321, mIoU: 36.619
INFO:Segmentron:[EVAL] Sample: 74, pixAcc: 87.293, mIoU: 36.684
INFO:Segmentron:[EVAL] Sample: 75, pixAcc: 87.334, mIoU: 36.679
INFO:Segmentron:[EVAL] Sample: 76, pixAcc: 87.291, mIoU: 36.661
INFO:Segmentron:[EVAL] Sample: 77, pixAcc: 87.343, mIoU: 36.660
INFO:Segmentron:[EVAL] Sample: 78, pixAcc: 87.312, mIoU: 36.582
INFO:Segmentron:[EVAL] Sample: 79, pixAcc: 87.275, mIoU: 36.620
INFO:Segmentron:[EVAL] Sample: 80, pixAcc: 87.346, mIoU: 36.607
INFO:Segmentron:[EVAL] Sample: 81, pixAcc: 87.380, mIoU: 36.624
INFO:Segmentron:[EVAL] Sample: 82, pixAcc: 87.420, mIoU: 36.603
INFO:Segmentron:[EVAL] Sample: 83, pixAcc: 87.384, mIoU: 36.589
INFO:Segmentron:[EVAL] Sample: 84, pixAcc: 87.422, mIoU: 36.538
INFO:Segmentron:[EVAL] Sample: 85, pixAcc: 87.436, mIoU: 36.782
INFO:Segmentron:[EVAL] Sample: 86, pixAcc: 87.405, mIoU: 36.700
INFO:Segmentron:[EVAL] Sample: 87, pixAcc: 87.481, mIoU: 36.753
INFO:Segmentron:[EVAL] Sample: 88, pixAcc: 87.539, mIoU: 36.744
INFO:Segmentron:[EVAL] Sample: 89, pixAcc: 87.478, mIoU: 36.671
INFO:Segmentron:[EVAL] Sample: 90, pixAcc: 87.473, mIoU: 36.694
INFO:Segmentron:[EVAL] Sample: 91, pixAcc: 87.521, mIoU: 36.700
INFO:Segmentron:[EVAL] Sample: 92, pixAcc: 87.572, mIoU: 36.718
INFO:Segmentron:[EVAL] Sample: 93, pixAcc: 87.610, mIoU: 36.769
INFO:Segmentron:[EVAL] Sample: 94, pixAcc: 87.588, mIoU: 36.720
INFO:Segmentron:[EVAL] Sample: 95, pixAcc: 87.660, mIoU: 36.716
INFO:Segmentron:[EVAL] Sample: 96, pixAcc: 87.650, mIoU: 36.870
INFO:Segmentron:[EVAL] Sample: 97, pixAcc: 87.692, mIoU: 36.875
INFO:Segmentron:[EVAL] Sample: 98, pixAcc: 87.711, mIoU: 36.947
INFO:Segmentron:[EVAL] Sample: 99, pixAcc: 87.615, mIoU: 36.876
INFO:Segmentron:[EVAL] Sample: 100, pixAcc: 87.528, mIoU: 36.805
INFO:Segmentron:[EVAL] Sample: 101, pixAcc: 87.576, mIoU: 36.911
INFO:Segmentron:[EVAL] Sample: 102, pixAcc: 87.580, mIoU: 36.837
INFO:Segmentron:[EVAL] Sample: 103, pixAcc: 87.626, mIoU: 37.096
INFO:Segmentron:[EVAL] Sample: 104, pixAcc: 87.651, mIoU: 37.059
INFO:Segmentron:[EVAL] Sample: 105, pixAcc: 87.712, mIoU: 37.073
INFO:Segmentron:[EVAL] Sample: 106, pixAcc: 87.748, mIoU: 37.081
INFO:Segmentron:[EVAL] Sample: 107, pixAcc: 87.776, mIoU: 37.130
INFO:Segmentron:[EVAL] Sample: 108, pixAcc: 87.790, mIoU: 37.099
INFO:Segmentron:[EVAL] Sample: 109, pixAcc: 87.833, mIoU: 37.090
INFO:Segmentron:[EVAL] Sample: 110, pixAcc: 87.824, mIoU: 37.026
INFO:Segmentron:[EVAL] Sample: 111, pixAcc: 87.793, mIoU: 36.963
INFO:Segmentron:[EVAL] Sample: 112, pixAcc: 87.822, mIoU: 36.989
INFO:Segmentron:[EVAL] Sample: 113, pixAcc: 87.804, mIoU: 36.997
INFO:Segmentron:[EVAL] Sample: 114, pixAcc: 87.800, mIoU: 37.080
INFO:Segmentron:[EVAL] Sample: 115, pixAcc: 87.800, mIoU: 37.128
INFO:Segmentron:[EVAL] Sample: 116, pixAcc: 87.837, mIoU: 37.188
INFO:Segmentron:[EVAL] Sample: 117, pixAcc: 87.859, mIoU: 37.236
INFO:Segmentron:[EVAL] Sample: 118, pixAcc: 87.851, mIoU: 37.305
INFO:Segmentron:[EVAL] Sample: 119, pixAcc: 87.858, mIoU: 37.289
INFO:Segmentron:[EVAL] Sample: 120, pixAcc: 87.897, mIoU: 37.321
INFO:Segmentron:[EVAL] Sample: 121, pixAcc: 87.911, mIoU: 37.276
INFO:Segmentron:[EVAL] Sample: 122, pixAcc: 87.911, mIoU: 37.489
INFO:Segmentron:[EVAL] Sample: 123, pixAcc: 87.947, mIoU: 37.514
INFO:Segmentron:[EVAL] Sample: 124, pixAcc: 87.978, mIoU: 37.536
INFO:Segmentron:[EVAL] Sample: 125, pixAcc: 87.953, mIoU: 37.662
INFO:Segmentron:[EVAL] Sample: 126, pixAcc: 87.993, mIoU: 37.622
INFO:Segmentron:[EVAL] Sample: 127, pixAcc: 88.005, mIoU: 37.601
INFO:Segmentron:[EVAL] Sample: 128, pixAcc: 88.004, mIoU: 37.781
INFO:Segmentron:[EVAL] Sample: 129, pixAcc: 88.004, mIoU: 37.737
INFO:Segmentron:[EVAL] Sample: 130, pixAcc: 88.017, mIoU: 37.802
INFO:Segmentron:[EVAL] Sample: 131, pixAcc: 88.016, mIoU: 37.772
INFO:Segmentron:[EVAL] Sample: 132, pixAcc: 88.015, mIoU: 37.789
INFO:Segmentron:[EVAL] Sample: 133, pixAcc: 88.026, mIoU: 37.806
INFO:Segmentron:[EVAL] Sample: 134, pixAcc: 88.028, mIoU: 37.832
INFO:Segmentron:[EVAL] Sample: 135, pixAcc: 88.000, mIoU: 37.804
INFO:Segmentron:[EVAL] Sample: 136, pixAcc: 88.026, mIoU: 37.828
INFO:Segmentron:[EVAL] Sample: 137, pixAcc: 88.051, mIoU: 37.827
INFO:Segmentron:[EVAL] Sample: 138, pixAcc: 88.040, mIoU: 37.768
INFO:Segmentron:[EVAL] Sample: 139, pixAcc: 88.054, mIoU: 37.821
INFO:Segmentron:[EVAL] Sample: 140, pixAcc: 88.078, mIoU: 37.836
INFO:Segmentron:[EVAL] Sample: 141, pixAcc: 88.017, mIoU: 37.964
INFO:Segmentron:[EVAL] Sample: 142, pixAcc: 88.028, mIoU: 37.988
INFO:Segmentron:[EVAL] Sample: 143, pixAcc: 88.017, mIoU: 37.949
INFO:Segmentron:[EVAL] Sample: 144, pixAcc: 88.037, mIoU: 37.996
INFO:Segmentron:[EVAL] Sample: 145, pixAcc: 88.035, mIoU: 37.971
INFO:Segmentron:[EVAL] Sample: 146, pixAcc: 88.055, mIoU: 38.028
INFO:Segmentron:[EVAL] Sample: 147, pixAcc: 88.054, mIoU: 38.078
INFO:Segmentron:[EVAL] Sample: 148, pixAcc: 88.050, mIoU: 38.058
INFO:Segmentron:[EVAL] Sample: 149, pixAcc: 88.054, mIoU: 38.033
INFO:Segmentron:[EVAL] Sample: 150, pixAcc: 88.042, mIoU: 38.024
INFO:Segmentron:[EVAL] Sample: 151, pixAcc: 87.991, mIoU: 38.031
INFO:Segmentron:[EVAL] Sample: 152, pixAcc: 87.964, mIoU: 38.033
INFO:Segmentron:[EVAL] Sample: 153, pixAcc: 87.979, mIoU: 38.041
INFO:Segmentron:[EVAL] Sample: 154, pixAcc: 88.004, mIoU: 38.038
INFO:Segmentron:[EVAL] Sample: 155, pixAcc: 88.028, mIoU: 38.039
INFO:Segmentron:[EVAL] Sample: 156, pixAcc: 88.009, mIoU: 38.059
INFO:Segmentron:[EVAL] Sample: 157, pixAcc: 88.013, mIoU: 38.072
INFO:Segmentron:[EVAL] Sample: 158, pixAcc: 88.036, mIoU: 38.066
INFO:Segmentron:[EVAL] Sample: 159, pixAcc: 88.062, mIoU: 38.076
INFO:Segmentron:[EVAL] Sample: 160, pixAcc: 88.011, mIoU: 37.969
INFO:Segmentron:[EVAL] Sample: 161, pixAcc: 88.024, mIoU: 38.003
INFO:Segmentron:[EVAL] Sample: 162, pixAcc: 88.058, mIoU: 38.009
INFO:Segmentron:[EVAL] Sample: 163, pixAcc: 88.064, mIoU: 38.036
INFO:Segmentron:[EVAL] Sample: 164, pixAcc: 88.053, mIoU: 38.008
INFO:Segmentron:[EVAL] Sample: 165, pixAcc: 88.026, mIoU: 38.090
INFO:Segmentron:[EVAL] Sample: 166, pixAcc: 88.046, mIoU: 38.085
INFO:Segmentron:[EVAL] Sample: 167, pixAcc: 88.057, mIoU: 38.056
INFO:Segmentron:[EVAL] Sample: 168, pixAcc: 88.046, mIoU: 38.051
INFO:Segmentron:[EVAL] Sample: 169, pixAcc: 88.064, mIoU: 38.035
INFO:Segmentron:[EVAL] Sample: 170, pixAcc: 88.064, mIoU: 38.019
INFO:Segmentron:[EVAL] Sample: 171, pixAcc: 88.099, mIoU: 38.031
INFO:Segmentron:[EVAL] Sample: 172, pixAcc: 88.118, mIoU: 38.044
INFO:Segmentron:[EVAL] Sample: 173, pixAcc: 88.094, mIoU: 37.984
INFO:Segmentron:[EVAL] Sample: 174, pixAcc: 88.072, mIoU: 37.996
INFO:Segmentron:[EVAL] Sample: 175, pixAcc: 88.074, mIoU: 38.013
INFO:Segmentron:[EVAL] Sample: 176, pixAcc: 88.085, mIoU: 38.005
INFO:Segmentron:[EVAL] Sample: 177, pixAcc: 88.067, mIoU: 37.989
INFO:Segmentron:[EVAL] Sample: 178, pixAcc: 88.048, mIoU: 37.970
INFO:Segmentron:[EVAL] Sample: 179, pixAcc: 88.052, mIoU: 37.957
INFO:Segmentron:[EVAL] Sample: 180, pixAcc: 88.076, mIoU: 37.966
INFO:Segmentron:[EVAL] Sample: 181, pixAcc: 88.078, mIoU: 37.977
INFO:Segmentron:[EVAL] Sample: 182, pixAcc: 88.091, mIoU: 37.989
INFO:Segmentron:[EVAL] Sample: 183, pixAcc: 88.116, mIoU: 37.979
INFO:Segmentron:[EVAL] Sample: 184, pixAcc: 88.133, mIoU: 37.992
INFO:Segmentron:[EVAL] Sample: 185, pixAcc: 88.149, mIoU: 37.983
INFO:Segmentron:[EVAL] Sample: 186, pixAcc: 88.179, mIoU: 37.983
INFO:Segmentron:[EVAL] Sample: 187, pixAcc: 88.149, mIoU: 37.906
INFO:Segmentron:[EVAL] Sample: 188, pixAcc: 88.167, mIoU: 37.895
INFO:Segmentron:[EVAL] Sample: 189, pixAcc: 88.154, mIoU: 37.877
INFO:Segmentron:[EVAL] Sample: 190, pixAcc: 88.187, mIoU: 37.881
INFO:Segmentron:[EVAL] Sample: 191, pixAcc: 88.195, mIoU: 37.904
INFO:Segmentron:[EVAL] Sample: 192, pixAcc: 88.204, mIoU: 37.884
INFO:Segmentron:[EVAL] Sample: 193, pixAcc: 88.214, mIoU: 37.896
INFO:Segmentron:[EVAL] Sample: 194, pixAcc: 88.213, mIoU: 37.875
INFO:Segmentron:[EVAL] Sample: 195, pixAcc: 88.222, mIoU: 37.891
INFO:Segmentron:[EVAL] Sample: 196, pixAcc: 88.231, mIoU: 37.882
INFO:Segmentron:[EVAL] Sample: 197, pixAcc: 88.231, mIoU: 37.868
INFO:Segmentron:[EVAL] Sample: 198, pixAcc: 88.239, mIoU: 37.934
INFO:Segmentron:[EVAL] Sample: 199, pixAcc: 88.258, mIoU: 37.941
INFO:Segmentron:[EVAL] Sample: 200, pixAcc: 88.261, mIoU: 37.945
INFO:Segmentron:[EVAL] Sample: 201, pixAcc: 88.262, mIoU: 38.003
INFO:Segmentron:[EVAL] Sample: 202, pixAcc: 88.261, mIoU: 38.001
INFO:Segmentron:[EVAL] Sample: 203, pixAcc: 88.260, mIoU: 38.015
INFO:Segmentron:[EVAL] Sample: 204, pixAcc: 88.275, mIoU: 37.992
INFO:Segmentron:[EVAL] Sample: 205, pixAcc: 88.256, mIoU: 38.046
INFO:Segmentron:[EVAL] Sample: 206, pixAcc: 88.241, mIoU: 38.064
INFO:Segmentron:[EVAL] Sample: 207, pixAcc: 88.196, mIoU: 38.047
INFO:Segmentron:[EVAL] Sample: 208, pixAcc: 88.197, mIoU: 38.047
INFO:Segmentron:[EVAL] Sample: 209, pixAcc: 88.166, mIoU: 38.003
INFO:Segmentron:[EVAL] Sample: 210, pixAcc: 88.193, mIoU: 38.013
INFO:Segmentron:[EVAL] Sample: 211, pixAcc: 88.181, mIoU: 38.032
INFO:Segmentron:[EVAL] Sample: 212, pixAcc: 88.192, mIoU: 38.020
INFO:Segmentron:[EVAL] Sample: 213, pixAcc: 88.207, mIoU: 38.076
INFO:Segmentron:[EVAL] Sample: 214, pixAcc: 88.200, mIoU: 38.070
INFO:Segmentron:[EVAL] Sample: 215, pixAcc: 88.206, mIoU: 38.081
INFO:Segmentron:[EVAL] Sample: 216, pixAcc: 88.198, mIoU: 38.052
INFO:Segmentron:[EVAL] Sample: 217, pixAcc: 88.224, mIoU: 38.071
INFO:Segmentron:[EVAL] Sample: 218, pixAcc: 88.233, mIoU: 38.090
INFO:Segmentron:[EVAL] Sample: 219, pixAcc: 88.236, mIoU: 38.131
INFO:Segmentron:[EVAL] Sample: 220, pixAcc: 88.223, mIoU: 38.164
INFO:Segmentron:[EVAL] Sample: 221, pixAcc: 88.230, mIoU: 38.169
INFO:Segmentron:[EVAL] Sample: 222, pixAcc: 88.247, mIoU: 38.174
INFO:Segmentron:[EVAL] Sample: 223, pixAcc: 88.236, mIoU: 38.182
INFO:Segmentron:[EVAL] Sample: 224, pixAcc: 88.244, mIoU: 38.164
INFO:Segmentron:[EVAL] Sample: 225, pixAcc: 88.250, mIoU: 38.160
INFO:Segmentron:[EVAL] Sample: 226, pixAcc: 88.248, mIoU: 38.157
INFO:Segmentron:[EVAL] Sample: 227, pixAcc: 88.263, mIoU: 38.273
INFO:Segmentron:[EVAL] Sample: 228, pixAcc: 88.239, mIoU: 38.261
INFO:Segmentron:[EVAL] Sample: 229, pixAcc: 88.184, mIoU: 38.215
INFO:Segmentron:[EVAL] Sample: 230, pixAcc: 88.187, mIoU: 38.212
INFO:Segmentron:[EVAL] Sample: 231, pixAcc: 88.189, mIoU: 38.223
INFO:Segmentron:[EVAL] Sample: 232, pixAcc: 88.211, mIoU: 38.244
INFO:Segmentron:[EVAL] Sample: 233, pixAcc: 88.183, mIoU: 38.192
INFO:Segmentron:[EVAL] Sample: 234, pixAcc: 88.181, mIoU: 38.198
INFO:Segmentron:[EVAL] Sample: 235, pixAcc: 88.193, mIoU: 38.190
INFO:Segmentron:[EVAL] Sample: 236, pixAcc: 88.180, mIoU: 38.193
INFO:Segmentron:[EVAL] Sample: 237, pixAcc: 88.167, mIoU: 38.178
INFO:Segmentron:[EVAL] Sample: 238, pixAcc: 88.179, mIoU: 38.189
INFO:Segmentron:[EVAL] Sample: 239, pixAcc: 88.198, mIoU: 38.211
INFO:Segmentron:[EVAL] Sample: 240, pixAcc: 88.204, mIoU: 38.195
INFO:Segmentron:[EVAL] Sample: 241, pixAcc: 88.210, mIoU: 38.175
INFO:Segmentron:[EVAL] Sample: 242, pixAcc: 88.221, mIoU: 38.181
INFO:Segmentron:[EVAL] Sample: 243, pixAcc: 88.229, mIoU: 38.187
INFO:Segmentron:[EVAL] Sample: 244, pixAcc: 88.210, mIoU: 38.164
INFO:Segmentron:[EVAL] Sample: 245, pixAcc: 88.222, mIoU: 38.170
INFO:Segmentron:[EVAL] Sample: 246, pixAcc: 88.210, mIoU: 38.150
INFO:Segmentron:[EVAL] Sample: 247, pixAcc: 88.205, mIoU: 38.135
INFO:Segmentron:[EVAL] Sample: 248, pixAcc: 88.198, mIoU: 38.152
INFO:Segmentron:[EVAL] Sample: 249, pixAcc: 88.206, mIoU: 38.167
INFO:Segmentron:[EVAL] Sample: 250, pixAcc: 88.207, mIoU: 38.171
INFO:Segmentron:[EVAL END] Epoch: 1, pixAcc: 88.207, mIoU: 38.171
INFO:Segmentron:Epoch 1 is the best model, best pixAcc: 88.207, mIoU: 38.171, save the model..
INFO:Segmentron:Epoch: 2/240 || Iters: 3/247 || Lr: 0.002989 || Loss: 0.9421 || Cost Time: 0:05:29 || Estimated Time: 21:37:25
INFO:Segmentron:Epoch: 2/240 || Iters: 13/247 || Lr: 0.002988 || Loss: 1.4912 || Cost Time: 0:05:39 || Estimated Time: 21:24:12
INFO:Segmentron:Epoch: 2/240 || Iters: 23/247 || Lr: 0.002988 || Loss: 0.9530 || Cost Time: 0:05:49 || Estimated Time: 21:12:04
INFO:Segmentron:Epoch: 2/240 || Iters: 33/247 || Lr: 0.002987 || Loss: 1.4440 || Cost Time: 0:05:58 || Estimated Time: 21:00:35
INFO:Segmentron:Epoch: 2/240 || Iters: 43/247 || Lr: 0.002987 || Loss: 1.6802 || Cost Time: 0:06:08 || Estimated Time: 20:49:58
INFO:Segmentron:Epoch: 2/240 || Iters: 53/247 || Lr: 0.002986 || Loss: 1.7730 || Cost Time: 0:06:18 || Estimated Time: 20:40:06
INFO:Segmentron:Epoch: 2/240 || Iters: 63/247 || Lr: 0.002986 || Loss: 0.9832 || Cost Time: 0:06:28 || Estimated Time: 20:30:52
INFO:Segmentron:Epoch: 2/240 || Iters: 73/247 || Lr: 0.002985 || Loss: 1.0648 || Cost Time: 0:06:38 || Estimated Time: 20:22:17
INFO:Segmentron:Epoch: 2/240 || Iters: 83/247 || Lr: 0.002985 || Loss: 1.3934 || Cost Time: 0:06:47 || Estimated Time: 20:14:05
INFO:Segmentron:Epoch: 2/240 || Iters: 93/247 || Lr: 0.002985 || Loss: 1.1984 || Cost Time: 0:06:57 || Estimated Time: 20:06:32
INFO:Segmentron:Epoch: 2/240 || Iters: 103/247 || Lr: 0.002984 || Loss: 1.3231 || Cost Time: 0:07:07 || Estimated Time: 19:59:18
INFO:Segmentron:Epoch: 2/240 || Iters: 113/247 || Lr: 0.002984 || Loss: 1.3209 || Cost Time: 0:07:17 || Estimated Time: 19:52:35
INFO:Segmentron:Epoch: 2/240 || Iters: 123/247 || Lr: 0.002983 || Loss: 1.1084 || Cost Time: 0:07:26 || Estimated Time: 19:46:07
INFO:Segmentron:Epoch: 2/240 || Iters: 133/247 || Lr: 0.002983 || Loss: 0.9776 || Cost Time: 0:07:36 || Estimated Time: 19:40:00
INFO:Segmentron:Epoch: 2/240 || Iters: 143/247 || Lr: 0.002982 || Loss: 1.2434 || Cost Time: 0:07:46 || Estimated Time: 19:34:07
INFO:Segmentron:Epoch: 2/240 || Iters: 153/247 || Lr: 0.002982 || Loss: 1.0191 || Cost Time: 0:07:56 || Estimated Time: 19:28:36
INFO:Segmentron:Epoch: 2/240 || Iters: 163/247 || Lr: 0.002981 || Loss: 1.1448 || Cost Time: 0:08:06 || Estimated Time: 19:23:20
