Fri Feb 18 16:46:52 2022       
+-----------------------------------------------------------------------------+
| NVIDIA-SMI 495.46       Driver Version: 495.46       CUDA Version: 11.5     |
|-------------------------------+----------------------+----------------------+
| GPU  Name        Persistence-M| Bus-Id        Disp.A | Volatile Uncorr. ECC |
| Fan  Temp  Perf  Pwr:Usage/Cap|         Memory-Usage | GPU-Util  Compute M. |
|                               |                      |               MIG M. |
|===============================+======================+======================|
|   0  NVIDIA A100-PCI...  On   | 00000000:37:00.0 Off |                    0 |
| N/A   28C    P0    31W / 250W |      0MiB / 40536MiB |      0%   E. Process |
|                               |                      |             Disabled |
+-------------------------------+----------------------+----------------------+
|   1  NVIDIA A100-PCI...  On   | 00000000:86:00.0 Off |                    0 |
| N/A   26C    P0    33W / 250W |      0MiB / 40536MiB |      0%   E. Process |
|                               |                      |             Disabled |
+-------------------------------+----------------------+----------------------+
                                                                               
+-----------------------------------------------------------------------------+
| Processes:                                                                  |
|  GPU   GI   CI        PID   Type   Process name                  GPU Memory |
|        ID   ID                                                   Usage      |
|=============================================================================|
|  No running processes found                                                 |
+-----------------------------------------------------------------------------+
=> danet start
2022-02-18 16:47:03,371 Segmentron INFO: Using 2 GPUs
2022-02-18 16:47:03,372 Segmentron INFO: Namespace(config_file='configs/cityscapes_danet_resnet.yaml', device='cuda', distributed=True, input_img='tools/demo_vis.png', local_rank=0, log_iter=10, no_cuda=False, num_gpus=2, opts=[], resume=None, skip_val=False, val_epoch=1)
2022-02-18 16:47:03,373 Segmentron INFO: {
        "SEED": 1024,
        "TIME_STAMP": "2022-02-18-16-46",
        "ROOT_PATH": "/zhome/f9/4/160189/SegmenTron",
        "PHASE": "train",
        "DATASET": {
                "NAME": "cityscape",
                "MEAN": [
                        0.485,
                        0.456,
                        0.406
                ],
                "STD": [
                        0.229,
                        0.224,
                        0.225
                ],
                "IGNORE_INDEX": -1,
                "WORKERS": 4,
                "MODE": "testval"
        },
        "AUG": {
                "MIRROR": true,
                "BLUR_PROB": 0.0,
                "BLUR_RADIUS": 0.0,
                "COLOR_JITTER": null
        },
        "TRAIN": {
                "EPOCHS": 240,
                "BATCH_SIZE": 6,
                "CROP_SIZE": 768,
                "BASE_SIZE": 1024,
                "MODEL_SAVE_DIR": "/work3/s210203/runs/checkpoints/",
                "LOG_SAVE_DIR": "/work3/s210203/runs/logs/",
                "PRETRAINED_MODEL_PATH": "",
                "BACKBONE_PRETRAINED": true,
                "BACKBONE_PRETRAINED_PATH": "",
                "RESUME_MODEL_PATH": "",
                "SYNC_BATCH_NORM": true,
                "SNAPSHOT_EPOCH": 10
        },
        "SOLVER": {
                "LR": 0.003,
                "OPTIMIZER": "sgd",
                "EPSILON": 1e-08,
                "MOMENTUM": 0.9,
                "WEIGHT_DECAY": 0.0001,
                "DECODER_LR_FACTOR": 10.0,
                "LR_SCHEDULER": "poly",
                "POLY": {
                        "POWER": 0.9
                },
                "STEP": {
                        "GAMMA": 0.1,
                        "DECAY_EPOCH": [
                                10,
                                20
                        ]
                },
                "WARMUP": {
                        "EPOCHS": 0.0,
                        "FACTOR": 0.3333333333333333,
                        "METHOD": "linear"
                },
                "OHEM": false,
                "AUX": false,
                "AUX_WEIGHT": 0.4,
                "LOSS_NAME": ""
        },
        "TEST": {
                "TEST_MODEL_PATH": "",
                "BATCH_SIZE": 1,
                "CROP_SIZE": null,
                "SCALES": [
                        1.0
                ],
                "FLIP": false
        },
        "VISUAL": {
                "OUTPUT_DIR": "/work3/s210203/runs/visual/"
        },
        "MODEL": {
                "MODEL_NAME": "DANet",
                "BACKBONE": "resnet50",
                "BACKBONE_SCALE": 1.0,
                "MULTI_LOSS_WEIGHT": [
                        1.0
                ],
                "DEFAULT_GROUP_NUMBER": 32,
                "DEFAULT_EPSILON": 1e-05,
                "BN_TYPE": "BN",
                "BN_EPS_FOR_ENCODER": null,
                "BN_EPS_FOR_DECODER": null,
                "OUTPUT_STRIDE": 8,
                "BN_MOMENTUM": null,
                "DANET": {
                        "MULTI_DILATION": [
                                4,
                                8,
                                16
                        ],
                        "MULTI_GRID": true
                },
                "CCNET": {
                        "RECURRENCE": 2
                }
        }
}
2022-02-18 16:47:04,285 Segmentron INFO: Found 2975 images in the folder /zhome/f9/4/160189/SegmenTron/datasets/cityscapes/leftImg8bit/train
2022-02-18 16:47:04,417 Segmentron INFO: Found 500 images in the folder /zhome/f9/4/160189/SegmenTron/datasets/cityscapes/leftImg8bit/val
2022-02-18 16:47:04,751 Segmentron INFO: load backbone pretrained model from url..
2022-02-18 16:47:06,525 Segmentron INFO: <All keys matched successfully>
2022-02-18 16:47:10,760 Segmentron INFO: DANet flops: 1584.404G input shape is [3, 1024, 2048], params: 47.463M
2022-02-18 16:47:10,768 Segmentron INFO: SyncBatchNorm is effective!
2022-02-18 16:47:10,793 Segmentron INFO: Start training, Total Epochs: 240 = Total Iterations 59280
2022-02-18 16:47:31,174 Segmentron INFO: Epoch: 1/240 || Iters: 10/247 || Lr: 0.003000 || Loss: 2.8034 || Cost Time: 0:00:20 || Estimated Time: 1 day, 9:33:16
2022-02-18 16:47:40,824 Segmentron INFO: Epoch: 1/240 || Iters: 20/247 || Lr: 0.002999 || Loss: 2.9635 || Cost Time: 0:00:30 || Estimated Time: 1 day, 0:43:00
2022-02-18 16:47:50,484 Segmentron INFO: Epoch: 1/240 || Iters: 30/247 || Lr: 0.002999 || Loss: 4.1282 || Cost Time: 0:00:39 || Estimated Time: 21:46:28
2022-02-18 16:48:00,157 Segmentron INFO: Epoch: 1/240 || Iters: 40/247 || Lr: 0.002998 || Loss: 2.6307 || Cost Time: 0:00:49 || Estimated Time: 20:18:27
2022-02-18 16:48:09,869 Segmentron INFO: Epoch: 1/240 || Iters: 50/247 || Lr: 0.002998 || Loss: 1.5121 || Cost Time: 0:00:59 || Estimated Time: 19:26:21
2022-02-18 16:48:19,578 Segmentron INFO: Epoch: 1/240 || Iters: 60/247 || Lr: 0.002997 || Loss: 2.7604 || Cost Time: 0:01:08 || Estimated Time: 18:51:30
2022-02-18 16:48:29,289 Segmentron INFO: Epoch: 1/240 || Iters: 70/247 || Lr: 0.002997 || Loss: 1.6426 || Cost Time: 0:01:18 || Estimated Time: 18:26:35
2022-02-18 16:48:39,020 Segmentron INFO: Epoch: 1/240 || Iters: 80/247 || Lr: 0.002996 || Loss: 1.3867 || Cost Time: 0:01:28 || Estimated Time: 18:08:07
2022-02-18 16:48:48,761 Segmentron INFO: Epoch: 1/240 || Iters: 90/247 || Lr: 0.002996 || Loss: 1.3991 || Cost Time: 0:01:37 || Estimated Time: 17:53:50
2022-02-18 16:48:58,473 Segmentron INFO: Epoch: 1/240 || Iters: 100/247 || Lr: 0.002995 || Loss: 1.7668 || Cost Time: 0:01:47 || Estimated Time: 17:42:05
2022-02-18 16:49:08,225 Segmentron INFO: Epoch: 1/240 || Iters: 110/247 || Lr: 0.002995 || Loss: 2.1874 || Cost Time: 0:01:57 || Estimated Time: 17:32:47
2022-02-18 16:49:17,968 Segmentron INFO: Epoch: 1/240 || Iters: 120/247 || Lr: 0.002995 || Loss: 2.0359 || Cost Time: 0:02:07 || Estimated Time: 17:24:57
2022-02-18 16:49:27,700 Segmentron INFO: Epoch: 1/240 || Iters: 130/247 || Lr: 0.002994 || Loss: 1.1570 || Cost Time: 0:02:16 || Estimated Time: 17:18:12
2022-02-18 16:49:37,495 Segmentron INFO: Epoch: 1/240 || Iters: 140/247 || Lr: 0.002994 || Loss: 1.5137 || Cost Time: 0:02:26 || Estimated Time: 17:12:50
2022-02-18 16:49:47,214 Segmentron INFO: Epoch: 1/240 || Iters: 150/247 || Lr: 0.002993 || Loss: 1.6538 || Cost Time: 0:02:36 || Estimated Time: 17:07:41
2022-02-18 16:49:56,950 Segmentron INFO: Epoch: 1/240 || Iters: 160/247 || Lr: 0.002993 || Loss: 2.4742 || Cost Time: 0:02:46 || Estimated Time: 17:03:14
2022-02-18 16:50:06,690 Segmentron INFO: Epoch: 1/240 || Iters: 170/247 || Lr: 0.002992 || Loss: 1.5468 || Cost Time: 0:02:55 || Estimated Time: 16:59:20
2022-02-18 16:50:16,445 Segmentron INFO: Epoch: 1/240 || Iters: 180/247 || Lr: 0.002992 || Loss: 1.0471 || Cost Time: 0:03:05 || Estimated Time: 16:55:55
2022-02-18 16:50:26,213 Segmentron INFO: Epoch: 1/240 || Iters: 190/247 || Lr: 0.002991 || Loss: 1.2429 || Cost Time: 0:03:15 || Estimated Time: 16:52:55
2022-02-18 16:50:36,007 Segmentron INFO: Epoch: 1/240 || Iters: 200/247 || Lr: 0.002991 || Loss: 1.0077 || Cost Time: 0:03:25 || Estimated Time: 16:50:20
2022-02-18 16:50:45,786 Segmentron INFO: Epoch: 1/240 || Iters: 210/247 || Lr: 0.002990 || Loss: 1.2505 || Cost Time: 0:03:34 || Estimated Time: 16:47:54
2022-02-18 16:50:55,575 Segmentron INFO: Epoch: 1/240 || Iters: 220/247 || Lr: 0.002990 || Loss: 1.1279 || Cost Time: 0:03:44 || Estimated Time: 16:45:43
2022-02-18 16:51:05,344 Segmentron INFO: Epoch: 1/240 || Iters: 230/247 || Lr: 0.002990 || Loss: 1.2846 || Cost Time: 0:03:54 || Estimated Time: 16:43:38
2022-02-18 16:51:15,121 Segmentron INFO: Epoch: 1/240 || Iters: 240/247 || Lr: 0.002989 || Loss: 1.3053 || Cost Time: 0:04:04 || Estimated Time: 16:41:44
2022-02-18 16:51:22,780 Segmentron INFO: Epoch 1 model saved in: /work3/s210203/runs/checkpoints/DANet_resnet50_cityscape_2022-02-18-16-46/1.pth
2022-02-18 16:51:24,312 Segmentron INFO: [EVAL] Sample: 1, pixAcc: 84.524, mIoU: 28.063
2022-02-18 16:51:24,597 Segmentron INFO: [EVAL] Sample: 2, pixAcc: 85.770, mIoU: 31.399
2022-02-18 16:51:24,884 Segmentron INFO: [EVAL] Sample: 3, pixAcc: 87.290, mIoU: 32.117
2022-02-18 16:51:25,170 Segmentron INFO: [EVAL] Sample: 4, pixAcc: 87.100, mIoU: 33.301
2022-02-18 16:51:25,459 Segmentron INFO: [EVAL] Sample: 5, pixAcc: 86.184, mIoU: 34.029
2022-02-18 16:51:25,747 Segmentron INFO: [EVAL] Sample: 6, pixAcc: 86.798, mIoU: 33.670
2022-02-18 16:51:26,035 Segmentron INFO: [EVAL] Sample: 7, pixAcc: 86.734, mIoU: 34.635
2022-02-18 16:51:26,322 Segmentron INFO: [EVAL] Sample: 8, pixAcc: 86.848, mIoU: 34.963
2022-02-18 16:51:26,611 Segmentron INFO: [EVAL] Sample: 9, pixAcc: 87.473, mIoU: 35.141
2022-02-18 16:51:26,900 Segmentron INFO: [EVAL] Sample: 10, pixAcc: 87.851, mIoU: 35.312
2022-02-18 16:51:27,191 Segmentron INFO: [EVAL] Sample: 11, pixAcc: 87.976, mIoU: 35.607
2022-02-18 16:51:27,472 Segmentron INFO: [EVAL] Sample: 12, pixAcc: 87.418, mIoU: 35.443
2022-02-18 16:51:27,756 Segmentron INFO: [EVAL] Sample: 13, pixAcc: 87.193, mIoU: 35.497
2022-02-18 16:51:28,043 Segmentron INFO: [EVAL] Sample: 14, pixAcc: 87.283, mIoU: 35.833
2022-02-18 16:51:28,327 Segmentron INFO: [EVAL] Sample: 15, pixAcc: 87.390, mIoU: 36.062
2022-02-18 16:51:28,613 Segmentron INFO: [EVAL] Sample: 16, pixAcc: 86.969, mIoU: 35.995
2022-02-18 16:51:28,899 Segmentron INFO: [EVAL] Sample: 17, pixAcc: 86.991, mIoU: 36.007
2022-02-18 16:51:29,187 Segmentron INFO: [EVAL] Sample: 18, pixAcc: 87.369, mIoU: 36.519
2022-02-18 16:51:29,460 Segmentron INFO: [EVAL] Sample: 19, pixAcc: 87.341, mIoU: 36.399
2022-02-18 16:51:29,746 Segmentron INFO: [EVAL] Sample: 20, pixAcc: 87.338, mIoU: 36.328
2022-02-18 16:51:30,039 Segmentron INFO: [EVAL] Sample: 21, pixAcc: 87.243, mIoU: 36.251
2022-02-18 16:51:30,328 Segmentron INFO: [EVAL] Sample: 22, pixAcc: 87.357, mIoU: 36.075
2022-02-18 16:51:30,622 Segmentron INFO: [EVAL] Sample: 23, pixAcc: 87.580, mIoU: 36.038
2022-02-18 16:51:30,910 Segmentron INFO: [EVAL] Sample: 24, pixAcc: 87.406, mIoU: 36.242
2022-02-18 16:51:31,199 Segmentron INFO: [EVAL] Sample: 25, pixAcc: 87.483, mIoU: 35.811
2022-02-18 16:51:31,489 Segmentron INFO: [EVAL] Sample: 26, pixAcc: 87.233, mIoU: 35.729
2022-02-18 16:51:31,783 Segmentron INFO: [EVAL] Sample: 27, pixAcc: 87.328, mIoU: 36.559
2022-02-18 16:51:32,076 Segmentron INFO: [EVAL] Sample: 28, pixAcc: 87.565, mIoU: 36.535
2022-02-18 16:51:32,357 Segmentron INFO: [EVAL] Sample: 29, pixAcc: 87.519, mIoU: 36.481
2022-02-18 16:51:32,649 Segmentron INFO: [EVAL] Sample: 30, pixAcc: 87.465, mIoU: 36.312
2022-02-18 16:51:32,946 Segmentron INFO: [EVAL] Sample: 31, pixAcc: 87.497, mIoU: 36.283
2022-02-18 16:51:33,233 Segmentron INFO: [EVAL] Sample: 32, pixAcc: 87.605, mIoU: 36.396
2022-02-18 16:51:33,522 Segmentron INFO: [EVAL] Sample: 33, pixAcc: 87.587, mIoU: 36.390
2022-02-18 16:51:33,817 Segmentron INFO: [EVAL] Sample: 34, pixAcc: 87.497, mIoU: 36.416
2022-02-18 16:51:34,109 Segmentron INFO: [EVAL] Sample: 35, pixAcc: 87.524, mIoU: 36.400
2022-02-18 16:51:34,405 Segmentron INFO: [EVAL] Sample: 36, pixAcc: 87.506, mIoU: 36.372
2022-02-18 16:51:34,697 Segmentron INFO: [EVAL] Sample: 37, pixAcc: 87.600, mIoU: 36.293
2022-02-18 16:51:34,991 Segmentron INFO: [EVAL] Sample: 38, pixAcc: 87.631, mIoU: 36.359
2022-02-18 16:51:35,277 Segmentron INFO: [EVAL] Sample: 39, pixAcc: 87.647, mIoU: 36.335
2022-02-18 16:51:35,570 Segmentron INFO: [EVAL] Sample: 40, pixAcc: 87.796, mIoU: 36.391
2022-02-18 16:51:35,880 Segmentron INFO: [EVAL] Sample: 41, pixAcc: 87.854, mIoU: 36.753
2022-02-18 16:51:36,157 Segmentron INFO: [EVAL] Sample: 42, pixAcc: 87.737, mIoU: 36.647
2022-02-18 16:51:36,457 Segmentron INFO: [EVAL] Sample: 43, pixAcc: 87.797, mIoU: 36.821
2022-02-18 16:51:36,741 Segmentron INFO: [EVAL] Sample: 44, pixAcc: 87.800, mIoU: 36.796
2022-02-18 16:51:37,023 Segmentron INFO: [EVAL] Sample: 45, pixAcc: 87.866, mIoU: 36.798
2022-02-18 16:51:37,318 Segmentron INFO: [EVAL] Sample: 46, pixAcc: 87.891, mIoU: 36.695
2022-02-18 16:51:37,612 Segmentron INFO: [EVAL] Sample: 47, pixAcc: 87.949, mIoU: 36.829
2022-02-18 16:51:37,902 Segmentron INFO: [EVAL] Sample: 48, pixAcc: 88.000, mIoU: 36.822
2022-02-18 16:51:38,189 Segmentron INFO: [EVAL] Sample: 49, pixAcc: 87.879, mIoU: 36.678
2022-02-18 16:51:38,480 Segmentron INFO: [EVAL] Sample: 50, pixAcc: 87.912, mIoU: 36.883
2022-02-18 16:51:38,765 Segmentron INFO: [EVAL] Sample: 51, pixAcc: 87.661, mIoU: 36.667
2022-02-18 16:51:39,044 Segmentron INFO: [EVAL] Sample: 52, pixAcc: 87.618, mIoU: 36.569
2022-02-18 16:51:39,332 Segmentron INFO: [EVAL] Sample: 53, pixAcc: 87.694, mIoU: 36.532
2022-02-18 16:51:39,624 Segmentron INFO: [EVAL] Sample: 54, pixAcc: 87.455, mIoU: 36.467
2022-02-18 16:51:39,918 Segmentron INFO: [EVAL] Sample: 55, pixAcc: 87.560, mIoU: 36.474
2022-02-18 16:51:40,206 Segmentron INFO: [EVAL] Sample: 56, pixAcc: 87.592, mIoU: 36.444
2022-02-18 16:51:40,488 Segmentron INFO: [EVAL] Sample: 57, pixAcc: 87.518, mIoU: 36.367
2022-02-18 16:51:40,785 Segmentron INFO: [EVAL] Sample: 58, pixAcc: 87.463, mIoU: 36.358
2022-02-18 16:51:41,080 Segmentron INFO: [EVAL] Sample: 59, pixAcc: 87.410, mIoU: 36.420
2022-02-18 16:51:41,374 Segmentron INFO: [EVAL] Sample: 60, pixAcc: 87.410, mIoU: 36.491
2022-02-18 16:51:41,664 Segmentron INFO: [EVAL] Sample: 61, pixAcc: 87.449, mIoU: 36.543
2022-02-18 16:51:41,963 Segmentron INFO: [EVAL] Sample: 62, pixAcc: 87.468, mIoU: 36.723
2022-02-18 16:51:42,256 Segmentron INFO: [EVAL] Sample: 63, pixAcc: 87.457, mIoU: 36.703
2022-02-18 16:51:42,544 Segmentron INFO: [EVAL] Sample: 64, pixAcc: 87.462, mIoU: 36.794
2022-02-18 16:51:42,833 Segmentron INFO: [EVAL] Sample: 65, pixAcc: 87.257, mIoU: 36.728
2022-02-18 16:51:43,125 Segmentron INFO: [EVAL] Sample: 66, pixAcc: 87.179, mIoU: 36.752
2022-02-18 16:51:43,422 Segmentron INFO: [EVAL] Sample: 67, pixAcc: 87.271, mIoU: 36.730
2022-02-18 16:51:43,724 Segmentron INFO: [EVAL] Sample: 68, pixAcc: 87.275, mIoU: 36.849
2022-02-18 16:51:44,017 Segmentron INFO: [EVAL] Sample: 69, pixAcc: 87.313, mIoU: 36.834
2022-02-18 16:51:44,312 Segmentron INFO: [EVAL] Sample: 70, pixAcc: 87.251, mIoU: 36.789
2022-02-18 16:51:44,602 Segmentron INFO: [EVAL] Sample: 71, pixAcc: 87.335, mIoU: 36.766
2022-02-18 16:51:44,902 Segmentron INFO: [EVAL] Sample: 72, pixAcc: 87.373, mIoU: 36.712
2022-02-18 16:51:45,191 Segmentron INFO: [EVAL] Sample: 73, pixAcc: 87.321, mIoU: 36.619
2022-02-18 16:51:45,482 Segmentron INFO: [EVAL] Sample: 74, pixAcc: 87.293, mIoU: 36.684
2022-02-18 16:51:45,773 Segmentron INFO: [EVAL] Sample: 75, pixAcc: 87.334, mIoU: 36.679
2022-02-18 16:51:46,063 Segmentron INFO: [EVAL] Sample: 76, pixAcc: 87.291, mIoU: 36.661
2022-02-18 16:51:46,355 Segmentron INFO: [EVAL] Sample: 77, pixAcc: 87.343, mIoU: 36.660
2022-02-18 16:51:46,653 Segmentron INFO: [EVAL] Sample: 78, pixAcc: 87.312, mIoU: 36.582
2022-02-18 16:51:46,948 Segmentron INFO: [EVAL] Sample: 79, pixAcc: 87.275, mIoU: 36.620
2022-02-18 16:51:47,242 Segmentron INFO: [EVAL] Sample: 80, pixAcc: 87.346, mIoU: 36.607
2022-02-18 16:51:47,538 Segmentron INFO: [EVAL] Sample: 81, pixAcc: 87.380, mIoU: 36.624
2022-02-18 16:51:47,825 Segmentron INFO: [EVAL] Sample: 82, pixAcc: 87.420, mIoU: 36.603
2022-02-18 16:51:48,119 Segmentron INFO: [EVAL] Sample: 83, pixAcc: 87.384, mIoU: 36.589
2022-02-18 16:51:48,415 Segmentron INFO: [EVAL] Sample: 84, pixAcc: 87.422, mIoU: 36.538
2022-02-18 16:51:48,714 Segmentron INFO: [EVAL] Sample: 85, pixAcc: 87.436, mIoU: 36.782
2022-02-18 16:51:49,009 Segmentron INFO: [EVAL] Sample: 86, pixAcc: 87.405, mIoU: 36.700
2022-02-18 16:51:49,312 Segmentron INFO: [EVAL] Sample: 87, pixAcc: 87.481, mIoU: 36.753
2022-02-18 16:51:49,603 Segmentron INFO: [EVAL] Sample: 88, pixAcc: 87.539, mIoU: 36.744
2022-02-18 16:51:49,893 Segmentron INFO: [EVAL] Sample: 89, pixAcc: 87.478, mIoU: 36.671
2022-02-18 16:51:50,186 Segmentron INFO: [EVAL] Sample: 90, pixAcc: 87.473, mIoU: 36.694
2022-02-18 16:51:50,476 Segmentron INFO: [EVAL] Sample: 91, pixAcc: 87.521, mIoU: 36.700
2022-02-18 16:51:50,771 Segmentron INFO: [EVAL] Sample: 92, pixAcc: 87.572, mIoU: 36.718
2022-02-18 16:51:51,059 Segmentron INFO: [EVAL] Sample: 93, pixAcc: 87.610, mIoU: 36.769
2022-02-18 16:51:51,353 Segmentron INFO: [EVAL] Sample: 94, pixAcc: 87.588, mIoU: 36.720
2022-02-18 16:51:51,655 Segmentron INFO: [EVAL] Sample: 95, pixAcc: 87.660, mIoU: 36.716
2022-02-18 16:51:51,949 Segmentron INFO: [EVAL] Sample: 96, pixAcc: 87.650, mIoU: 36.870
2022-02-18 16:51:52,247 Segmentron INFO: [EVAL] Sample: 97, pixAcc: 87.692, mIoU: 36.875
2022-02-18 16:51:52,540 Segmentron INFO: [EVAL] Sample: 98, pixAcc: 87.711, mIoU: 36.947
2022-02-18 16:51:52,834 Segmentron INFO: [EVAL] Sample: 99, pixAcc: 87.615, mIoU: 36.876
2022-02-18 16:51:53,120 Segmentron INFO: [EVAL] Sample: 100, pixAcc: 87.528, mIoU: 36.805
2022-02-18 16:51:53,416 Segmentron INFO: [EVAL] Sample: 101, pixAcc: 87.576, mIoU: 36.911
2022-02-18 16:51:53,706 Segmentron INFO: [EVAL] Sample: 102, pixAcc: 87.580, mIoU: 36.837
2022-02-18 16:51:54,004 Segmentron INFO: [EVAL] Sample: 103, pixAcc: 87.626, mIoU: 37.096
2022-02-18 16:51:54,302 Segmentron INFO: [EVAL] Sample: 104, pixAcc: 87.651, mIoU: 37.059
2022-02-18 16:51:54,597 Segmentron INFO: [EVAL] Sample: 105, pixAcc: 87.712, mIoU: 37.073
2022-02-18 16:51:54,889 Segmentron INFO: [EVAL] Sample: 106, pixAcc: 87.748, mIoU: 37.081
2022-02-18 16:51:55,183 Segmentron INFO: [EVAL] Sample: 107, pixAcc: 87.776, mIoU: 37.130
2022-02-18 16:51:55,477 Segmentron INFO: [EVAL] Sample: 108, pixAcc: 87.790, mIoU: 37.099
2022-02-18 16:51:55,768 Segmentron INFO: [EVAL] Sample: 109, pixAcc: 87.833, mIoU: 37.090
2022-02-18 16:51:56,059 Segmentron INFO: [EVAL] Sample: 110, pixAcc: 87.824, mIoU: 37.026
2022-02-18 16:51:56,350 Segmentron INFO: [EVAL] Sample: 111, pixAcc: 87.793, mIoU: 36.963
2022-02-18 16:51:56,641 Segmentron INFO: [EVAL] Sample: 112, pixAcc: 87.822, mIoU: 36.989
2022-02-18 16:51:56,929 Segmentron INFO: [EVAL] Sample: 113, pixAcc: 87.804, mIoU: 36.997
2022-02-18 16:51:57,230 Segmentron INFO: [EVAL] Sample: 114, pixAcc: 87.800, mIoU: 37.080
2022-02-18 16:51:57,526 Segmentron INFO: [EVAL] Sample: 115, pixAcc: 87.800, mIoU: 37.128
2022-02-18 16:51:57,815 Segmentron INFO: [EVAL] Sample: 116, pixAcc: 87.837, mIoU: 37.188
2022-02-18 16:51:58,115 Segmentron INFO: [EVAL] Sample: 117, pixAcc: 87.859, mIoU: 37.236
2022-02-18 16:51:58,415 Segmentron INFO: [EVAL] Sample: 118, pixAcc: 87.851, mIoU: 37.305
2022-02-18 16:51:58,709 Segmentron INFO: [EVAL] Sample: 119, pixAcc: 87.858, mIoU: 37.289
2022-02-18 16:51:59,001 Segmentron INFO: [EVAL] Sample: 120, pixAcc: 87.897, mIoU: 37.321
2022-02-18 16:51:59,294 Segmentron INFO: [EVAL] Sample: 121, pixAcc: 87.911, mIoU: 37.276
2022-02-18 16:51:59,594 Segmentron INFO: [EVAL] Sample: 122, pixAcc: 87.911, mIoU: 37.489
2022-02-18 16:51:59,890 Segmentron INFO: [EVAL] Sample: 123, pixAcc: 87.947, mIoU: 37.514
2022-02-18 16:52:00,182 Segmentron INFO: [EVAL] Sample: 124, pixAcc: 87.978, mIoU: 37.536
2022-02-18 16:52:00,470 Segmentron INFO: [EVAL] Sample: 125, pixAcc: 87.953, mIoU: 37.662
2022-02-18 16:52:00,767 Segmentron INFO: [EVAL] Sample: 126, pixAcc: 87.993, mIoU: 37.622
2022-02-18 16:52:01,062 Segmentron INFO: [EVAL] Sample: 127, pixAcc: 88.005, mIoU: 37.601
2022-02-18 16:52:01,357 Segmentron INFO: [EVAL] Sample: 128, pixAcc: 88.004, mIoU: 37.781
2022-02-18 16:52:01,652 Segmentron INFO: [EVAL] Sample: 129, pixAcc: 88.004, mIoU: 37.737
2022-02-18 16:52:01,943 Segmentron INFO: [EVAL] Sample: 130, pixAcc: 88.017, mIoU: 37.802
2022-02-18 16:52:02,239 Segmentron INFO: [EVAL] Sample: 131, pixAcc: 88.016, mIoU: 37.772
2022-02-18 16:52:02,540 Segmentron INFO: [EVAL] Sample: 132, pixAcc: 88.015, mIoU: 37.789
2022-02-18 16:52:02,832 Segmentron INFO: [EVAL] Sample: 133, pixAcc: 88.026, mIoU: 37.806
2022-02-18 16:52:03,136 Segmentron INFO: [EVAL] Sample: 134, pixAcc: 88.028, mIoU: 37.832
2022-02-18 16:52:03,425 Segmentron INFO: [EVAL] Sample: 135, pixAcc: 88.000, mIoU: 37.804
2022-02-18 16:52:03,718 Segmentron INFO: [EVAL] Sample: 136, pixAcc: 88.026, mIoU: 37.828
2022-02-18 16:52:04,011 Segmentron INFO: [EVAL] Sample: 137, pixAcc: 88.051, mIoU: 37.827
2022-02-18 16:52:04,304 Segmentron INFO: [EVAL] Sample: 138, pixAcc: 88.040, mIoU: 37.768
2022-02-18 16:52:04,601 Segmentron INFO: [EVAL] Sample: 139, pixAcc: 88.054, mIoU: 37.821
2022-02-18 16:52:04,896 Segmentron INFO: [EVAL] Sample: 140, pixAcc: 88.078, mIoU: 37.836
2022-02-18 16:52:05,188 Segmentron INFO: [EVAL] Sample: 141, pixAcc: 88.017, mIoU: 37.964
2022-02-18 16:52:05,488 Segmentron INFO: [EVAL] Sample: 142, pixAcc: 88.028, mIoU: 37.988
2022-02-18 16:52:05,780 Segmentron INFO: [EVAL] Sample: 143, pixAcc: 88.017, mIoU: 37.949
2022-02-18 16:52:06,070 Segmentron INFO: [EVAL] Sample: 144, pixAcc: 88.037, mIoU: 37.996
2022-02-18 16:52:06,370 Segmentron INFO: [EVAL] Sample: 145, pixAcc: 88.035, mIoU: 37.971
2022-02-18 16:52:06,669 Segmentron INFO: [EVAL] Sample: 146, pixAcc: 88.055, mIoU: 38.028
2022-02-18 16:52:06,960 Segmentron INFO: [EVAL] Sample: 147, pixAcc: 88.054, mIoU: 38.078
2022-02-18 16:52:07,249 Segmentron INFO: [EVAL] Sample: 148, pixAcc: 88.050, mIoU: 38.058
2022-02-18 16:52:07,542 Segmentron INFO: [EVAL] Sample: 149, pixAcc: 88.054, mIoU: 38.033
2022-02-18 16:52:07,832 Segmentron INFO: [EVAL] Sample: 150, pixAcc: 88.042, mIoU: 38.024
2022-02-18 16:52:08,124 Segmentron INFO: [EVAL] Sample: 151, pixAcc: 87.991, mIoU: 38.031
2022-02-18 16:52:08,419 Segmentron INFO: [EVAL] Sample: 152, pixAcc: 87.964, mIoU: 38.033
2022-02-18 16:52:08,711 Segmentron INFO: [EVAL] Sample: 153, pixAcc: 87.979, mIoU: 38.041
2022-02-18 16:52:09,007 Segmentron INFO: [EVAL] Sample: 154, pixAcc: 88.004, mIoU: 38.038
2022-02-18 16:52:09,301 Segmentron INFO: [EVAL] Sample: 155, pixAcc: 88.028, mIoU: 38.039
2022-02-18 16:52:09,594 Segmentron INFO: [EVAL] Sample: 156, pixAcc: 88.009, mIoU: 38.059
2022-02-18 16:52:09,889 Segmentron INFO: [EVAL] Sample: 157, pixAcc: 88.013, mIoU: 38.072
2022-02-18 16:52:10,180 Segmentron INFO: [EVAL] Sample: 158, pixAcc: 88.036, mIoU: 38.066
2022-02-18 16:52:10,470 Segmentron INFO: [EVAL] Sample: 159, pixAcc: 88.062, mIoU: 38.076
2022-02-18 16:52:10,759 Segmentron INFO: [EVAL] Sample: 160, pixAcc: 88.011, mIoU: 37.969
2022-02-18 16:52:11,054 Segmentron INFO: [EVAL] Sample: 161, pixAcc: 88.024, mIoU: 38.003
2022-02-18 16:52:11,349 Segmentron INFO: [EVAL] Sample: 162, pixAcc: 88.058, mIoU: 38.009
2022-02-18 16:52:11,645 Segmentron INFO: [EVAL] Sample: 163, pixAcc: 88.064, mIoU: 38.036
2022-02-18 16:52:11,939 Segmentron INFO: [EVAL] Sample: 164, pixAcc: 88.053, mIoU: 38.008
2022-02-18 16:52:12,233 Segmentron INFO: [EVAL] Sample: 165, pixAcc: 88.026, mIoU: 38.090
2022-02-18 16:52:12,524 Segmentron INFO: [EVAL] Sample: 166, pixAcc: 88.046, mIoU: 38.085
2022-02-18 16:52:12,817 Segmentron INFO: [EVAL] Sample: 167, pixAcc: 88.057, mIoU: 38.056
2022-02-18 16:52:13,114 Segmentron INFO: [EVAL] Sample: 168, pixAcc: 88.046, mIoU: 38.051
2022-02-18 16:52:13,404 Segmentron INFO: [EVAL] Sample: 169, pixAcc: 88.064, mIoU: 38.035
2022-02-18 16:52:13,697 Segmentron INFO: [EVAL] Sample: 170, pixAcc: 88.064, mIoU: 38.019
2022-02-18 16:52:13,990 Segmentron INFO: [EVAL] Sample: 171, pixAcc: 88.099, mIoU: 38.031
2022-02-18 16:52:14,279 Segmentron INFO: [EVAL] Sample: 172, pixAcc: 88.118, mIoU: 38.044
2022-02-18 16:52:14,569 Segmentron INFO: [EVAL] Sample: 173, pixAcc: 88.094, mIoU: 37.984
2022-02-18 16:52:14,859 Segmentron INFO: [EVAL] Sample: 174, pixAcc: 88.072, mIoU: 37.996
2022-02-18 16:52:15,154 Segmentron INFO: [EVAL] Sample: 175, pixAcc: 88.074, mIoU: 38.013
2022-02-18 16:52:15,448 Segmentron INFO: [EVAL] Sample: 176, pixAcc: 88.085, mIoU: 38.005
2022-02-18 16:52:15,741 Segmentron INFO: [EVAL] Sample: 177, pixAcc: 88.067, mIoU: 37.989
2022-02-18 16:52:16,030 Segmentron INFO: [EVAL] Sample: 178, pixAcc: 88.048, mIoU: 37.970
2022-02-18 16:52:16,325 Segmentron INFO: [EVAL] Sample: 179, pixAcc: 88.052, mIoU: 37.957
2022-02-18 16:52:16,622 Segmentron INFO: [EVAL] Sample: 180, pixAcc: 88.076, mIoU: 37.966
2022-02-18 16:52:16,917 Segmentron INFO: [EVAL] Sample: 181, pixAcc: 88.078, mIoU: 37.977
2022-02-18 16:52:17,207 Segmentron INFO: [EVAL] Sample: 182, pixAcc: 88.091, mIoU: 37.989
2022-02-18 16:52:17,503 Segmentron INFO: [EVAL] Sample: 183, pixAcc: 88.116, mIoU: 37.979
2022-02-18 16:52:17,794 Segmentron INFO: [EVAL] Sample: 184, pixAcc: 88.133, mIoU: 37.992
2022-02-18 16:52:18,091 Segmentron INFO: [EVAL] Sample: 185, pixAcc: 88.149, mIoU: 37.983
2022-02-18 16:52:18,383 Segmentron INFO: [EVAL] Sample: 186, pixAcc: 88.179, mIoU: 37.983
2022-02-18 16:52:18,667 Segmentron INFO: [EVAL] Sample: 187, pixAcc: 88.149, mIoU: 37.906
2022-02-18 16:52:18,960 Segmentron INFO: [EVAL] Sample: 188, pixAcc: 88.167, mIoU: 37.895
2022-02-18 16:52:19,250 Segmentron INFO: [EVAL] Sample: 189, pixAcc: 88.154, mIoU: 37.877
2022-02-18 16:52:19,550 Segmentron INFO: [EVAL] Sample: 190, pixAcc: 88.187, mIoU: 37.881
2022-02-18 16:52:19,844 Segmentron INFO: [EVAL] Sample: 191, pixAcc: 88.195, mIoU: 37.904
2022-02-18 16:52:20,138 Segmentron INFO: [EVAL] Sample: 192, pixAcc: 88.204, mIoU: 37.884
2022-02-18 16:52:20,432 Segmentron INFO: [EVAL] Sample: 193, pixAcc: 88.214, mIoU: 37.896
2022-02-18 16:52:20,731 Segmentron INFO: [EVAL] Sample: 194, pixAcc: 88.213, mIoU: 37.875
2022-02-18 16:52:21,023 Segmentron INFO: [EVAL] Sample: 195, pixAcc: 88.222, mIoU: 37.891
2022-02-18 16:52:21,316 Segmentron INFO: [EVAL] Sample: 196, pixAcc: 88.231, mIoU: 37.882
2022-02-18 16:52:21,612 Segmentron INFO: [EVAL] Sample: 197, pixAcc: 88.231, mIoU: 37.868
2022-02-18 16:52:21,906 Segmentron INFO: [EVAL] Sample: 198, pixAcc: 88.239, mIoU: 37.934
2022-02-18 16:52:22,198 Segmentron INFO: [EVAL] Sample: 199, pixAcc: 88.258, mIoU: 37.941
2022-02-18 16:52:22,496 Segmentron INFO: [EVAL] Sample: 200, pixAcc: 88.261, mIoU: 37.945
2022-02-18 16:52:22,794 Segmentron INFO: [EVAL] Sample: 201, pixAcc: 88.262, mIoU: 38.003
2022-02-18 16:52:23,082 Segmentron INFO: [EVAL] Sample: 202, pixAcc: 88.261, mIoU: 38.001
2022-02-18 16:52:23,374 Segmentron INFO: [EVAL] Sample: 203, pixAcc: 88.260, mIoU: 38.015
2022-02-18 16:52:23,667 Segmentron INFO: [EVAL] Sample: 204, pixAcc: 88.275, mIoU: 37.992
2022-02-18 16:52:23,956 Segmentron INFO: [EVAL] Sample: 205, pixAcc: 88.256, mIoU: 38.046
2022-02-18 16:52:24,247 Segmentron INFO: [EVAL] Sample: 206, pixAcc: 88.241, mIoU: 38.064
2022-02-18 16:52:24,532 Segmentron INFO: [EVAL] Sample: 207, pixAcc: 88.196, mIoU: 38.047
2022-02-18 16:52:24,825 Segmentron INFO: [EVAL] Sample: 208, pixAcc: 88.197, mIoU: 38.047
2022-02-18 16:52:25,110 Segmentron INFO: [EVAL] Sample: 209, pixAcc: 88.166, mIoU: 38.003
2022-02-18 16:52:25,397 Segmentron INFO: [EVAL] Sample: 210, pixAcc: 88.193, mIoU: 38.013
2022-02-18 16:52:25,686 Segmentron INFO: [EVAL] Sample: 211, pixAcc: 88.181, mIoU: 38.032
2022-02-18 16:52:25,982 Segmentron INFO: [EVAL] Sample: 212, pixAcc: 88.192, mIoU: 38.020
2022-02-18 16:52:26,274 Segmentron INFO: [EVAL] Sample: 213, pixAcc: 88.207, mIoU: 38.076
2022-02-18 16:52:26,564 Segmentron INFO: [EVAL] Sample: 214, pixAcc: 88.200, mIoU: 38.070
2022-02-18 16:52:26,855 Segmentron INFO: [EVAL] Sample: 215, pixAcc: 88.206, mIoU: 38.081
2022-02-18 16:52:27,151 Segmentron INFO: [EVAL] Sample: 216, pixAcc: 88.198, mIoU: 38.052
2022-02-18 16:52:27,444 Segmentron INFO: [EVAL] Sample: 217, pixAcc: 88.224, mIoU: 38.071
2022-02-18 16:52:27,739 Segmentron INFO: [EVAL] Sample: 218, pixAcc: 88.233, mIoU: 38.090
2022-02-18 16:52:28,037 Segmentron INFO: [EVAL] Sample: 219, pixAcc: 88.236, mIoU: 38.131
2022-02-18 16:52:28,328 Segmentron INFO: [EVAL] Sample: 220, pixAcc: 88.223, mIoU: 38.164
2022-02-18 16:52:28,618 Segmentron INFO: [EVAL] Sample: 221, pixAcc: 88.230, mIoU: 38.169
2022-02-18 16:52:28,907 Segmentron INFO: [EVAL] Sample: 222, pixAcc: 88.247, mIoU: 38.174
2022-02-18 16:52:29,198 Segmentron INFO: [EVAL] Sample: 223, pixAcc: 88.236, mIoU: 38.182
2022-02-18 16:52:29,491 Segmentron INFO: [EVAL] Sample: 224, pixAcc: 88.244, mIoU: 38.164
2022-02-18 16:52:29,780 Segmentron INFO: [EVAL] Sample: 225, pixAcc: 88.250, mIoU: 38.160
2022-02-18 16:52:30,071 Segmentron INFO: [EVAL] Sample: 226, pixAcc: 88.248, mIoU: 38.157
2022-02-18 16:52:30,365 Segmentron INFO: [EVAL] Sample: 227, pixAcc: 88.263, mIoU: 38.273
2022-02-18 16:52:30,654 Segmentron INFO: [EVAL] Sample: 228, pixAcc: 88.239, mIoU: 38.261
2022-02-18 16:52:30,941 Segmentron INFO: [EVAL] Sample: 229, pixAcc: 88.184, mIoU: 38.215
2022-02-18 16:52:31,235 Segmentron INFO: [EVAL] Sample: 230, pixAcc: 88.187, mIoU: 38.212
2022-02-18 16:52:31,528 Segmentron INFO: [EVAL] Sample: 231, pixAcc: 88.189, mIoU: 38.223
2022-02-18 16:52:31,822 Segmentron INFO: [EVAL] Sample: 232, pixAcc: 88.211, mIoU: 38.244
2022-02-18 16:52:32,113 Segmentron INFO: [EVAL] Sample: 233, pixAcc: 88.183, mIoU: 38.192
2022-02-18 16:52:32,404 Segmentron INFO: [EVAL] Sample: 234, pixAcc: 88.181, mIoU: 38.198
2022-02-18 16:52:32,698 Segmentron INFO: [EVAL] Sample: 235, pixAcc: 88.193, mIoU: 38.190
2022-02-18 16:52:32,991 Segmentron INFO: [EVAL] Sample: 236, pixAcc: 88.180, mIoU: 38.193
2022-02-18 16:52:33,281 Segmentron INFO: [EVAL] Sample: 237, pixAcc: 88.167, mIoU: 38.178
2022-02-18 16:52:33,575 Segmentron INFO: [EVAL] Sample: 238, pixAcc: 88.179, mIoU: 38.189
2022-02-18 16:52:33,870 Segmentron INFO: [EVAL] Sample: 239, pixAcc: 88.198, mIoU: 38.211
2022-02-18 16:52:34,160 Segmentron INFO: [EVAL] Sample: 240, pixAcc: 88.204, mIoU: 38.195
2022-02-18 16:52:34,457 Segmentron INFO: [EVAL] Sample: 241, pixAcc: 88.210, mIoU: 38.175
2022-02-18 16:52:34,747 Segmentron INFO: [EVAL] Sample: 242, pixAcc: 88.221, mIoU: 38.181
2022-02-18 16:52:35,033 Segmentron INFO: [EVAL] Sample: 243, pixAcc: 88.229, mIoU: 38.187
2022-02-18 16:52:35,321 Segmentron INFO: [EVAL] Sample: 244, pixAcc: 88.210, mIoU: 38.164
2022-02-18 16:52:35,612 Segmentron INFO: [EVAL] Sample: 245, pixAcc: 88.222, mIoU: 38.170
2022-02-18 16:52:35,896 Segmentron INFO: [EVAL] Sample: 246, pixAcc: 88.210, mIoU: 38.150
2022-02-18 16:52:36,183 Segmentron INFO: [EVAL] Sample: 247, pixAcc: 88.205, mIoU: 38.135
2022-02-18 16:52:36,471 Segmentron INFO: [EVAL] Sample: 248, pixAcc: 88.198, mIoU: 38.152
2022-02-18 16:52:36,757 Segmentron INFO: [EVAL] Sample: 249, pixAcc: 88.206, mIoU: 38.167
2022-02-18 16:52:37,037 Segmentron INFO: [EVAL] Sample: 250, pixAcc: 88.207, mIoU: 38.171
2022-02-18 16:52:37,112 Segmentron INFO: [EVAL END] Epoch: 1, pixAcc: 88.207, mIoU: 38.171
2022-02-18 16:52:37,116 Segmentron INFO: Epoch 1 is the best model, best pixAcc: 88.207, mIoU: 38.171, save the model..
2022-02-18 16:52:40,480 Segmentron INFO: Epoch: 2/240 || Iters: 3/247 || Lr: 0.002989 || Loss: 0.9421 || Cost Time: 0:05:29 || Estimated Time: 21:37:25
2022-02-18 16:52:50,231 Segmentron INFO: Epoch: 2/240 || Iters: 13/247 || Lr: 0.002988 || Loss: 1.4912 || Cost Time: 0:05:39 || Estimated Time: 21:24:12
2022-02-18 16:53:00,015 Segmentron INFO: Epoch: 2/240 || Iters: 23/247 || Lr: 0.002988 || Loss: 0.9530 || Cost Time: 0:05:49 || Estimated Time: 21:12:04
2022-02-18 16:53:09,739 Segmentron INFO: Epoch: 2/240 || Iters: 33/247 || Lr: 0.002987 || Loss: 1.4440 || Cost Time: 0:05:58 || Estimated Time: 21:00:35
2022-02-18 16:53:19,494 Segmentron INFO: Epoch: 2/240 || Iters: 43/247 || Lr: 0.002987 || Loss: 1.6802 || Cost Time: 0:06:08 || Estimated Time: 20:49:58
2022-02-18 16:53:29,258 Segmentron INFO: Epoch: 2/240 || Iters: 53/247 || Lr: 0.002986 || Loss: 1.7730 || Cost Time: 0:06:18 || Estimated Time: 20:40:06
2022-02-18 16:53:39,029 Segmentron INFO: Epoch: 2/240 || Iters: 63/247 || Lr: 0.002986 || Loss: 0.9832 || Cost Time: 0:06:28 || Estimated Time: 20:30:52
2022-02-18 16:53:48,826 Segmentron INFO: Epoch: 2/240 || Iters: 73/247 || Lr: 0.002985 || Loss: 1.0648 || Cost Time: 0:06:38 || Estimated Time: 20:22:17
2022-02-18 16:53:58,580 Segmentron INFO: Epoch: 2/240 || Iters: 83/247 || Lr: 0.002985 || Loss: 1.3934 || Cost Time: 0:06:47 || Estimated Time: 20:14:05
2022-02-18 16:54:08,394 Segmentron INFO: Epoch: 2/240 || Iters: 93/247 || Lr: 0.002985 || Loss: 1.1984 || Cost Time: 0:06:57 || Estimated Time: 20:06:32
2022-02-18 16:54:18,170 Segmentron INFO: Epoch: 2/240 || Iters: 103/247 || Lr: 0.002984 || Loss: 1.3231 || Cost Time: 0:07:07 || Estimated Time: 19:59:18
2022-02-18 16:54:27,997 Segmentron INFO: Epoch: 2/240 || Iters: 113/247 || Lr: 0.002984 || Loss: 1.3209 || Cost Time: 0:07:17 || Estimated Time: 19:52:35
2022-02-18 16:54:37,778 Segmentron INFO: Epoch: 2/240 || Iters: 123/247 || Lr: 0.002983 || Loss: 1.1084 || Cost Time: 0:07:26 || Estimated Time: 19:46:07
2022-02-18 16:54:47,568 Segmentron INFO: Epoch: 2/240 || Iters: 133/247 || Lr: 0.002983 || Loss: 0.9776 || Cost Time: 0:07:36 || Estimated Time: 19:40:00
2022-02-18 16:54:57,335 Segmentron INFO: Epoch: 2/240 || Iters: 143/247 || Lr: 0.002982 || Loss: 1.2434 || Cost Time: 0:07:46 || Estimated Time: 19:34:07
2022-02-18 16:55:07,128 Segmentron INFO: Epoch: 2/240 || Iters: 153/247 || Lr: 0.002982 || Loss: 1.0191 || Cost Time: 0:07:56 || Estimated Time: 19:28:36
2022-02-18 16:55:16,916 Segmentron INFO: Epoch: 2/240 || Iters: 163/247 || Lr: 0.002981 || Loss: 1.1448 || Cost Time: 0:08:06 || Estimated Time: 19:23:20
Killing subprocess 29376
Killing subprocess 29377
Main process received SIGINT, exiting
