Thu Feb 17 14:01:10 2022       
+-----------------------------------------------------------------------------+
| NVIDIA-SMI 495.46       Driver Version: 495.46       CUDA Version: 11.5     |
|-------------------------------+----------------------+----------------------+
| GPU  Name        Persistence-M| Bus-Id        Disp.A | Volatile Uncorr. ECC |
| Fan  Temp  Perf  Pwr:Usage/Cap|         Memory-Usage | GPU-Util  Compute M. |
|                               |                      |               MIG M. |
|===============================+======================+======================|
|   0  NVIDIA A100-PCI...  On   | 00000000:37:00.0 Off |                    0 |
| N/A   28C    P0    32W / 250W |      0MiB / 40536MiB |      0%   E. Process |
|                               |                      |             Disabled |
+-------------------------------+----------------------+----------------------+
|   1  NVIDIA A100-PCI...  On   | 00000000:86:00.0 Off |                    0 |
| N/A   26C    P0    33W / 250W |      0MiB / 40536MiB |      0%   E. Process |
|                               |                      |             Disabled |
+-------------------------------+----------------------+----------------------+
                                                                               
+-----------------------------------------------------------------------------+
| Processes:                                                                  |
|  GPU   GI   CI        PID   Type   Process name                  GPU Memory |
|        ID   ID                                                   Usage      |
|=============================================================================|
|  No running processes found                                                 |
+-----------------------------------------------------------------------------+
=> danet start
2022-02-17 14:01:17,163 Segmentron INFO: Using 2 GPUs
2022-02-17 14:01:17,164 Segmentron INFO: Namespace(config_file='configs/cityscapes_danet_resnet.yaml', device='cuda', distributed=True, input_img='tools/demo_vis.png', local_rank=0, log_iter=10, no_cuda=False, num_gpus=2, opts=[], resume=None, skip_val=False, val_epoch=1)
2022-02-17 14:01:17,165 Segmentron INFO: {
        "SEED": 1024,
        "TIME_STAMP": "2022-02-17-14-01",
        "ROOT_PATH": "/zhome/f9/4/160189/SegmenTron",
        "PHASE": "train",
        "DATASET": {
                "NAME": "cityscape",
                "MEAN": [
                        0.485,
                        0.456,
                        0.406
                ],
                "STD": [
                        0.229,
                        0.224,
                        0.225
                ],
                "IGNORE_INDEX": -1,
                "WORKERS": 4,
                "MODE": "testval"
        },
        "AUG": {
                "MIRROR": true,
                "BLUR_PROB": 0.0,
                "BLUR_RADIUS": 0.0,
                "COLOR_JITTER": null
        },
        "TRAIN": {
                "EPOCHS": 240,
                "BATCH_SIZE": 8,
                "CROP_SIZE": 768,
                "BASE_SIZE": 1024,
                "MODEL_SAVE_DIR": "/work3/s210203/runs/checkpoints/",
                "LOG_SAVE_DIR": "/work3/s210203/runs/logs/",
                "PRETRAINED_MODEL_PATH": "",
                "BACKBONE_PRETRAINED": true,
                "BACKBONE_PRETRAINED_PATH": "",
                "RESUME_MODEL_PATH": "",
                "SYNC_BATCH_NORM": true,
                "SNAPSHOT_EPOCH": 10
        },
        "SOLVER": {
                "LR": 0.003,
                "OPTIMIZER": "sgd",
                "EPSILON": 1e-08,
                "MOMENTUM": 0.9,
                "WEIGHT_DECAY": 0.0001,
                "DECODER_LR_FACTOR": 10.0,
                "LR_SCHEDULER": "poly",
                "POLY": {
                        "POWER": 0.9
                },
                "STEP": {
                        "GAMMA": 0.1,
                        "DECAY_EPOCH": [
                                10,
                                20
                        ]
                },
                "WARMUP": {
                        "EPOCHS": 0.0,
                        "FACTOR": 0.3333333333333333,
                        "METHOD": "linear"
                },
                "OHEM": false,
                "AUX": false,
                "AUX_WEIGHT": 0.4,
                "LOSS_NAME": ""
        },
        "TEST": {
                "TEST_MODEL_PATH": "",
                "BATCH_SIZE": 1,
                "CROP_SIZE": null,
                "SCALES": [
                        1.0
                ],
                "FLIP": false
        },
        "VISUAL": {
                "OUTPUT_DIR": "/work3/s210203/runs/visual/"
        },
        "MODEL": {
                "MODEL_NAME": "DANet",
                "BACKBONE": "resnet50",
                "BACKBONE_SCALE": 1.0,
                "MULTI_LOSS_WEIGHT": [
                        1.0
                ],
                "DEFAULT_GROUP_NUMBER": 32,
                "DEFAULT_EPSILON": 1e-05,
                "BN_TYPE": "BN",
                "BN_EPS_FOR_ENCODER": null,
                "BN_EPS_FOR_DECODER": null,
                "OUTPUT_STRIDE": 8,
                "BN_MOMENTUM": null,
                "DANET": {
                        "MULTI_DILATION": [
                                4,
                                8,
                                16
                        ],
                        "MULTI_GRID": true
                },
                "CCNET": {
                        "RECURRENCE": 2
                }
        }
}
2022-02-17 14:01:17,970 Segmentron INFO: Found 2975 images in the folder /zhome/f9/4/160189/SegmenTron/datasets/cityscapes/leftImg8bit/train
2022-02-17 14:01:18,104 Segmentron INFO: Found 500 images in the folder /zhome/f9/4/160189/SegmenTron/datasets/cityscapes/leftImg8bit/val
2022-02-17 14:01:18,442 Segmentron INFO: load backbone pretrained model from url..
2022-02-17 14:01:18,663 Segmentron INFO: <All keys matched successfully>
2022-02-17 14:01:22,754 Segmentron INFO: DANet flops: 1584.404G input shape is [3, 1024, 2048], params: 47.463M
2022-02-17 14:01:22,762 Segmentron INFO: SyncBatchNorm is effective!
2022-02-17 14:01:22,787 Segmentron INFO: Start training, Total Epochs: 240 = Total Iterations 44400
Killing subprocess 5570
Killing subprocess 5571
