Loaded module: python3/3.6.2
/zhome/f9/4/160189/IGR/data/torch/lib/python3.6/site-packages/torch/distributed/launch.py:186: FutureWarning: The module torch.distributed.launch is deprecated
and will be removed in future. Use torchrun.
Note that --use_env is set by default in torchrun.
If your script expects `--local_rank` argument to be set, please
change it to read from `os.environ['LOCAL_RANK']` instead. See 
https://pytorch.org/docs/stable/distributed.html#launch-utility for 
further instructions

  FutureWarning,
WARNING:torch.distributed.elastic.agent.server.api:Received 2 death signal, shutting down workers
WARNING:torch.distributed.elastic.multiprocessing.api:Sending process 253909 closing signal SIGINT
WARNING:torch.distributed.elastic.multiprocessing.api:Sending process 253910 closing signal SIGINT
Traceback (most recent call last):
Traceback (most recent call last):
  File "./tools/train.py", line 223, in <module>
  File "./tools/train.py", line 223, in <module>
    trainer.train()
  File "./tools/train.py", line 145, in train
    trainer.train()
  File "./tools/train.py", line 145, in train
    losses.backward()
  File "/zhome/f9/4/160189/IGR/data/torch/lib/python3.6/site-packages/torch/_tensor.py", line 307, in backward
    losses.backward()
  File "/zhome/f9/4/160189/IGR/data/torch/lib/python3.6/site-packages/torch/_tensor.py", line 307, in backward
    torch.autograd.backward(self, gradient, retain_graph, create_graph, inputs=inputs)
  File "/zhome/f9/4/160189/IGR/data/torch/lib/python3.6/site-packages/torch/autograd/__init__.py", line 156, in backward
    torch.autograd.backward(self, gradient, retain_graph, create_graph, inputs=inputs)
  File "/zhome/f9/4/160189/IGR/data/torch/lib/python3.6/site-packages/torch/autograd/__init__.py", line 156, in backward
    allow_unreachable=True, accumulate_grad=True)  # allow_unreachable flag
    allow_unreachable=True, accumulate_grad=True)  # allow_unreachable flag
KeyboardInterrupt
KeyboardInterrupt
Traceback (most recent call last):
  File "/appl/python/3.6.2/lib/python3.6/runpy.py", line 193, in _run_module_as_main
    "__main__", mod_spec)
  File "/appl/python/3.6.2/lib/python3.6/runpy.py", line 85, in _run_code
    exec(code, run_globals)
  File "/zhome/f9/4/160189/IGR/data/torch/lib/python3.6/site-packages/torch/distributed/launch.py", line 193, in <module>
    main()
  File "/zhome/f9/4/160189/IGR/data/torch/lib/python3.6/site-packages/torch/distributed/launch.py", line 189, in main
    launch(args)
  File "/zhome/f9/4/160189/IGR/data/torch/lib/python3.6/site-packages/torch/distributed/launch.py", line 174, in launch
    run(args)
  File "/zhome/f9/4/160189/IGR/data/torch/lib/python3.6/site-packages/torch/distributed/run.py", line 713, in run
    )(*cmd_args)
  File "/zhome/f9/4/160189/IGR/data/torch/lib/python3.6/site-packages/torch/distributed/launcher/api.py", line 131, in __call__
    return launch_agent(self._config, self._entrypoint, list(args))
  File "/zhome/f9/4/160189/IGR/data/torch/lib/python3.6/site-packages/torch/distributed/launcher/api.py", line 252, in launch_agent
    result = agent.run()
  File "/zhome/f9/4/160189/IGR/data/torch/lib/python3.6/site-packages/torch/distributed/elastic/metrics/api.py", line 125, in wrapper
    result = f(*args, **kwargs)
  File "/zhome/f9/4/160189/IGR/data/torch/lib/python3.6/site-packages/torch/distributed/elastic/agent/server/api.py", line 709, in run
    result = self._invoke_run(role)
  File "/zhome/f9/4/160189/IGR/data/torch/lib/python3.6/site-packages/torch/distributed/elastic/agent/server/api.py", line 843, in _invoke_run
    time.sleep(monitor_interval)
  File "/zhome/f9/4/160189/IGR/data/torch/lib/python3.6/site-packages/torch/distributed/elastic/multiprocessing/api.py", line 59, in _terminate_process_handler
    sigval = signal.Signals(signum)
  File "/appl/python/3.6.2/lib/python3.6/enum.py", line 265, in __call__
    def __call__(cls, value, names=None, *, module=None, qualname=None, type=None, start=1):
  File "/zhome/f9/4/160189/IGR/data/torch/lib/python3.6/site-packages/torch/distributed/elastic/multiprocessing/api.py", line 60, in _terminate_process_handler
    raise SignalException(f"Process {os.getpid()} got signal: {sigval}", sigval=sigval)
torch.distributed.elastic.multiprocessing.api.SignalException: Process 253899 got signal: 2
